# JRE version: Java(TM) SE Runtime Environment (8.0_05-b13) (build 1.8.0_05-b13)
# Java VM: Java HotSpot(TM) 64-Bit Server VM (25.5-b02 mixed mode linux-amd64 compressed oops)
Heap:
 par new generation   total 91520K, used 6169K [0x00000000d1200000, 0x00000000d7540000, 0x00000000e0c00000)
  eden space 81408K,   7% used [0x00000000d1200000, 0x00000000d1806668, 0x00000000d6180000)
  from space 10112K,   0% used [0x00000000d6180000, 0x00000000d6180000, 0x00000000d6b60000)
  to   space 10112K,   0% used [0x00000000d6b60000, 0x00000000d6b60000, 0x00000000d7540000)
 concurrent mark-sweep generation total 203008K, used 64627K [0x00000000e0c00000, 0x00000000ed240000, 0x0000000100000000)
 Metaspace       used 122333K, capacity 126106K, committed 127260K, reserved 1155072K
  class space    used 19365K, capacity 20618K, committed 20824K, reserved 1048576K
GC Heap History (10 events):
Event: 21.776 GC heap before
{Heap before GC invocations=138 (full 3):
 par new generation   total 58496K, used 58496K [0x00000000d1200000, 0x00000000d5170000, 0x00000000e0c00000)
  eden space 52032K, 100% used [0x00000000d1200000, 0x00000000d44d0000, 0x00000000d44d0000)
  from space 6464K, 100% used [0x00000000d44d0000, 0x00000000d4b20000, 0x00000000d4b20000)
  to   space 6464K,   0% used [0x00000000d4b20000, 0x00000000d4b20000, 0x00000000d5170000)
 concurrent mark-sweep generation total 152136K, used 127917K [0x00000000e0c00000, 0x00000000ea092000, 0x0000000100000000)
 Metaspace       used 116489K, capacity 120232K, committed 120604K, reserved 1150976K
  class space    used 18513K, capacity 19720K, committed 19800K, reserved 1048576K
Event: 21.832 GC heap after
Heap after GC invocations=139 (full 3):
 par new generation   total 58496K, used 6464K [0x00000000d1200000, 0x00000000d5170000, 0x00000000e0c00000)
  eden space 52032K,   0% used [0x00000000d1200000, 0x00000000d1200000, 0x00000000d44d0000)
  from space 6464K, 100% used [0x00000000d4b20000, 0x00000000d5170000, 0x00000000d5170000)
  to   space 6464K,   0% used [0x00000000d44d0000, 0x00000000d44d0000, 0x00000000d4b20000)
 concurrent mark-sweep generation total 152136K, used 140124K [0x00000000e0c00000, 0x00000000ea092000, 0x0000000100000000)
 Metaspace       used 116489K, capacity 120232K, committed 120604K, reserved 1150976K
  class space    used 18513K, capacity 19720K, committed 19800K, reserved 1048576K
}
Event: 35.841 GC heap before
{Heap before GC invocations=139 (full 4):
 par new generation   total 58496K, used 58492K [0x00000000d1200000, 0x00000000d5170000, 0x00000000e0c00000)
  eden space 52032K,  99% used [0x00000000d1200000, 0x00000000d44cf008, 0x00000000d44d0000)
  from space 6464K, 100% used [0x00000000d4b20000, 0x00000000d5170000, 0x00000000d5170000)
  to   space 6464K,   0% used [0x00000000d44d0000, 0x00000000d44d0000, 0x00000000d4b20000)
 concurrent mark-sweep generation total 203008K, used 121803K [0x00000000e0c00000, 0x00000000ed240000, 0x0000000100000000)
 Metaspace       used 118489K, capacity 122412K, committed 123036K, reserved 1153024K
  class space    used 18809K, capacity 20082K, committed 20184K, reserved 1048576K
Event: 35.874 GC heap after
Heap after GC invocations=140 (full 4):
 par new generation   total 58496K, used 6464K [0x00000000d1200000, 0x00000000d5170000, 0x00000000e0c00000)
  eden space 52032K,   0% used [0x00000000d1200000, 0x00000000d1200000, 0x00000000d44d0000)
  from space 6464K, 100% used [0x00000000d44d0000, 0x00000000d4b20000, 0x00000000d4b20000)
  to   space 6464K,   0% used [0x00000000d4b20000, 0x00000000d4b20000, 0x00000000d5170000)
 concurrent mark-sweep generation total 203008K, used 127536K [0x00000000e0c00000, 0x00000000ed240000, 0x0000000100000000)
 Metaspace       used 118489K, capacity 122412K, committed 123036K, reserved 1153024K
  class space    used 18809K, capacity 20082K, committed 20184K, reserved 1048576K
}
Event: 1286.664 GC heap before
{Heap before GC invocations=140 (full 4):
 par new generation   total 58496K, used 58496K [0x00000000d1200000, 0x00000000d5170000, 0x00000000e0c00000)
  eden space 52032K, 100% used [0x00000000d1200000, 0x00000000d44d0000, 0x00000000d44d0000)
  from space 6464K, 100% used [0x00000000d44d0000, 0x00000000d4b20000, 0x00000000d4b20000)
  to   space 6464K,   0% used [0x00000000d4b20000, 0x00000000d4b20000, 0x00000000d5170000)
 concurrent mark-sweep generation total 203008K, used 127536K [0x00000000e0c00000, 0x00000000ed240000, 0x0000000100000000)
 Metaspace       used 122519K, capacity 126488K, committed 127004K, reserved 1155072K
  class space    used 19409K, capacity 20703K, committed 20824K, reserved 1048576K
Event: 1286.689 GC heap after
Heap after GC invocations=141 (full 4):
 par new generation   total 58496K, used 6236K [0x00000000d1200000, 0x00000000d5170000, 0x00000000e0c00000)
  eden space 52032K,   0% used [0x00000000d1200000, 0x00000000d1200000, 0x00000000d44d0000)
  from space 6464K,  96% used [0x00000000d4b20000, 0x00000000d5137398, 0x00000000d5170000)
  to   space 6464K,   0% used [0x00000000d44d0000, 0x00000000d44d0000, 0x00000000d4b20000)
 concurrent mark-sweep generation total 203008K, used 132034K [0x00000000e0c00000, 0x00000000ed240000, 0x0000000100000000)
 Metaspace       used 122519K, capacity 126488K, committed 127004K, reserved 1155072K
  class space    used 19409K, capacity 20703K, committed 20824K, reserved 1048576K
}
Event: 3231.696 GC heap before
{Heap before GC invocations=141 (full 4):
 par new generation   total 58496K, used 58268K [0x00000000d1200000, 0x00000000d5170000, 0x00000000e0c00000)
  eden space 52032K, 100% used [0x00000000d1200000, 0x00000000d44d0000, 0x00000000d44d0000)
  from space 6464K,  96% used [0x00000000d4b20000, 0x00000000d5137398, 0x00000000d5170000)
  to   space 6464K,   0% used [0x00000000d44d0000, 0x00000000d44d0000, 0x00000000d4b20000)
 concurrent mark-sweep generation total 203008K, used 132034K [0x00000000e0c00000, 0x00000000ed240000, 0x0000000100000000)
 Metaspace       used 122587K, capacity 126558K, committed 127004K, reserved 1155072K
  class space    used 19411K, capacity 20704K, committed 20824K, reserved 1048576K
Event: 3231.716 GC heap after
Heap after GC invocations=142 (full 4):
 par new generation   total 58496K, used 1994K [0x00000000d1200000, 0x00000000d5170000, 0x00000000e0c00000)
  eden space 52032K,   0% used [0x00000000d1200000, 0x00000000d1200000, 0x00000000d44d0000)
  from space 6464K,  30% used [0x00000000d44d0000, 0x00000000d46c2b10, 0x00000000d4b20000)
  to   space 6464K,   0% used [0x00000000d4b20000, 0x00000000d4b20000, 0x00000000d5170000)
 concurrent mark-sweep generation total 203008K, used 132034K [0x00000000e0c00000, 0x00000000ed240000, 0x0000000100000000)
 Metaspace       used 122587K, capacity 126558K, committed 127004K, reserved 1155072K
  class space    used 19411K, capacity 20704K, committed 20824K, reserved 1048576K
}
Event: 3627.370 GC heap before
{Heap before GC invocations=142 (full 4):
 par new generation   total 58496K, used 13309K [0x00000000d1200000, 0x00000000d5170000, 0x00000000e0c00000)
  eden space 52032K,  21% used [0x00000000d1200000, 0x00000000d1d0cbf0, 0x00000000d44d0000)
  from space 6464K,  30% used [0x00000000d44d0000, 0x00000000d46c2b10, 0x00000000d4b20000)
  to   space 6464K,   0% used [0x00000000d4b20000, 0x00000000d4b20000, 0x00000000d5170000)
 concurrent mark-sweep generation total 203008K, used 132034K [0x00000000e0c00000, 0x00000000ed240000, 0x0000000100000000)
 Metaspace       used 122611K, capacity 126558K, committed 127004K, reserved 1155072K
  class space    used 19411K, capacity 20704K, committed 20824K, reserved 1048576K
Event: 3627.860 GC heap after
Heap after GC invocations=143 (full 5):
 par new generation   total 91520K, used 0K [0x00000000d1200000, 0x00000000d7540000, 0x00000000e0c00000)
  eden space 81408K,   0% used [0x00000000d1200000, 0x00000000d1200000, 0x00000000d6180000)
  from space 10112K,   0% used [0x00000000d6180000, 0x00000000d6180000, 0x00000000d6b60000)
  to   space 10112K,   0% used [0x00000000d6b60000, 0x00000000d6b60000, 0x00000000d7540000)
 concurrent mark-sweep generation total 203008K, used 64627K [0x00000000e0c00000, 0x00000000ed240000, 0x0000000100000000)
 Metaspace       used 122308K, capacity 126042K, committed 127004K, reserved 1155072K
  class space    used 19363K, capacity 20618K, committed 20824K, reserved 1048576K
}

